extractres undetermined
spa-inspect undetermined
tred undetermined
ytasm undetermined
xeglthreads.x86_64-linux-gnu undetermined
wmf2eps undetermined
txtconv undetermined
pwdecrypt undetermined
crontab undetermined
lsb_release undetermined
hwe-support-status undetermined
psmerge undetermined
xdg-user-dirs-update undetermined
amd_hdmi_compliance undetermined
what-patch undetermined
suspicious-source undetermined
pospell undetermined
unicode_start undetermined
pdftosrc undetermined
ssh-import-id-lp undetermined
egltri_wayland.x86_64-linux-gnu undetermined
dh_perl_dbi undetermined
debootsnap undetermined
gd2copypal undetermined
mmdebstrap-autopkgtest-build-qemu undetermined
peekfd undetermined
png-fix-itxt undetermined
dh_installdirs undetermined
gnome-thumbnail-font undetermined
gvcolor undetermined
killall undetermined
pdf2dsc undetermined
x86_64-linux-gnu-gi-inspect-typelib undetermined
saxon-xslt undetermined
dh_auto_install undetermined
dh_icons undetermined
rakudo-valgrind-m undetermined
tracker3-daemon undetermined
rpcinfo undetermined
pydoc3.12 undetermined
intel_reg undetermined
lxc-update-config undetermined
cupstestppd undetermined
popbugs undetermined
grub-mknetdir undetermined
orc-bugreport undetermined
xmag undetermined
gdmflexiserver undetermined
makecert undetermined
x11perfcomp undetermined
expect_decryptdir undetermined
transset undetermined
cjpeg undetermined
ps2ps undetermined
mk_modmap undetermined
defmt-c undetermined
i915-perf-recorder undetermined
lp_solve undetermined
